TN:
SF:src/App.tsx
FN:8,App
FN:10,handleSearch
FNF:2
FNH:1
FNDA:2,App
FNDA:0,handleSearch
DA:1,1
DA:2,1
DA:3,1
DA:4,1
DA:5,1
DA:6,1
DA:7,1
DA:8,1
DA:9,2
DA:10,2
DA:11,0
DA:12,0
DA:13,2
DA:14,2
DA:15,2
DA:16,2
DA:17,2
DA:18,2
DA:19,2
DA:20,2
DA:21,2
DA:22,2
DA:23,2
DA:24,2
DA:25,1
DA:26,1
LF:26
LH:24
BRDA:8,0,0,2
BRF:1
BRH:1
end_of_record
TN:
SF:src/components/details-component.tsx
FN:5,DetailsComponent
FN:10,handleClose
FNF:2
FNH:2
FNDA:5,DetailsComponent
FNDA:1,handleClose
DA:1,1
DA:2,1
DA:3,1
DA:4,1
DA:5,1
DA:6,5
DA:7,5
DA:8,5
DA:9,5
DA:10,5
DA:11,1
DA:12,1
DA:13,5
DA:14,5
DA:15,1
DA:16,1
DA:17,5
DA:18,1
DA:19,1
DA:20,5
DA:21,1
DA:22,1
DA:23,2
DA:24,2
DA:25,2
DA:26,2
DA:27,2
DA:28,2
DA:29,2
DA:30,2
DA:31,2
DA:32,2
DA:33,1
DA:34,1
LF:34
LH:34
BRDA:5,0,0,5
BRDA:14,1,0,1
BRDA:16,2,0,4
BRDA:17,3,0,1
BRDA:19,4,0,3
BRDA:20,5,0,1
BRDA:22,6,0,2
BRDA:10,7,0,1
BRF:8
BRH:8
end_of_record
TN:
SF:src/components/main-component.tsx
FN:17,MainComponent
FN:28,closeDetails
FN:32,handleUnselectAll
FN:36,handleDownload
FNF:4
FNH:4
FNDA:4,MainComponent
FNDA:1,closeDetails
FNDA:1,handleUnselectAll
FNDA:1,handleDownload
DA:1,1
DA:2,1
DA:3,1
DA:4,1
DA:5,1
DA:6,1
DA:7,1
DA:8,1
DA:9,1
DA:10,1
DA:11,1
DA:12,1
DA:13,1
DA:14,1
DA:15,1
DA:16,1
DA:17,1
DA:18,4
DA:19,4
DA:20,4
DA:21,4
DA:22,4
DA:23,4
DA:24,4
DA:25,4
DA:26,4
DA:27,4
DA:28,4
DA:29,1
DA:30,1
DA:31,4
DA:32,4
DA:33,1
DA:34,1
DA:35,4
DA:36,4
DA:37,1
DA:38,1
DA:39,1
DA:40,1
DA:41,1
DA:42,1
DA:43,1
DA:44,1
DA:45,1
DA:46,4
DA:47,4
DA:48,4
DA:49,4
DA:50,4
DA:51,4
DA:52,4
DA:53,4
DA:54,4
DA:55,4
DA:56,4
DA:57,4
DA:58,4
DA:59,4
DA:60,4
DA:61,4
DA:62,4
DA:63,4
DA:64,4
DA:65,4
DA:66,4
DA:67,4
DA:68,4
DA:69,1
LF:69
LH:69
BRDA:17,0,0,4
BRDA:28,1,0,1
BRDA:32,2,0,1
BRDA:36,3,0,1
BRDA:39,4,0,1
BRF:5
BRH:5
end_of_record
TN:
SF:src/components/results-component.tsx
FN:15,ResultsComponent
FN:29,handleClick
FN:33,handlePageChange
FN:37,handleCheckboxChange
FN:68,onClick
FN:81,onChange
FN:89,onClick
FN:99,onClick
FN:109,onClick
FNF:9
FNH:4
FNDA:3,ResultsComponent
FNDA:0,handleClick
FNDA:0,handlePageChange
FNDA:1,handleCheckboxChange
FNDA:0,onClick
FNDA:1,onChange
FNDA:1,onClick
FNDA:0,onClick
FNDA:0,onClick
DA:1,1
DA:2,1
DA:3,1
DA:4,1
DA:5,1
DA:6,1
DA:7,1
DA:8,1
DA:9,1
DA:10,1
DA:11,1
DA:12,1
DA:13,1
DA:14,1
DA:15,1
DA:16,3
DA:17,3
DA:18,3
DA:19,3
DA:20,3
DA:21,3
DA:22,3
DA:23,3
DA:24,3
DA:25,3
DA:26,3
DA:27,3
DA:28,3
DA:29,3
DA:30,0
DA:31,0
DA:32,3
DA:33,3
DA:34,0
DA:35,0
DA:36,3
DA:37,3
DA:38,1
DA:39,0
DA:40,1
DA:41,1
DA:42,1
DA:43,1
DA:44,3
DA:45,3
DA:46,3
DA:47,3
DA:48,0
DA:49,0
DA:50,3
DA:51,0
DA:52,0
DA:53,3
DA:54,3
DA:55,0
DA:56,0
DA:57,0
DA:58,0
DA:59,0
DA:60,0
DA:61,3
DA:62,3
DA:63,3
DA:64,3
DA:65,3
DA:66,3
DA:67,3
DA:68,3
DA:69,0
DA:70,0
DA:71,0
DA:72,3
DA:73,3
DA:74,3
DA:75,3
DA:76,3
DA:77,3
DA:78,3
DA:79,3
DA:80,3
DA:81,3
DA:82,1
DA:83,1
DA:84,1
DA:85,1
DA:86,1
DA:87,1
DA:88,3
DA:89,3
DA:90,1
DA:91,1
DA:92,3
DA:93,3
DA:94,3
DA:95,3
DA:96,3
DA:97,3
DA:98,3
DA:99,3
DA:100,0
DA:101,0
DA:102,0
DA:103,3
DA:104,3
DA:105,3
DA:106,3
DA:107,3
DA:108,3
DA:109,3
DA:110,0
DA:111,0
DA:112,0
DA:113,3
DA:114,3
DA:115,3
DA:116,3
DA:117,3
DA:118,3
DA:119,3
DA:120,3
DA:121,1
DA:122,1
LF:122
LH:98
BRDA:15,0,0,3
BRDA:47,1,0,0
BRDA:50,2,0,0
BRDA:54,3,0,0
BRDA:26,4,0,6
BRDA:37,5,0,1
BRDA:38,6,0,0
BRDA:64,7,0,3
BRDA:80,8,0,1
BRDA:81,9,0,1
BRDA:89,10,0,1
BRF:11
BRH:7
end_of_record
TN:
SF:src/components/search-component.tsx
FN:12,SearchComponent
FN:19,handleInputChange
FN:23,handleSearch
FNF:3
FNH:3
FNDA:5,SearchComponent
FNDA:2,handleInputChange
FNDA:1,handleSearch
DA:1,1
DA:2,1
DA:3,1
DA:4,1
DA:5,1
DA:6,1
DA:7,1
DA:8,1
DA:9,1
DA:10,1
DA:11,1
DA:12,1
DA:13,5
DA:14,5
DA:15,5
DA:16,5
DA:17,5
DA:18,5
DA:19,5
DA:20,2
DA:21,2
DA:22,5
DA:23,5
DA:24,1
DA:25,1
DA:26,1
DA:27,5
DA:28,5
DA:29,5
DA:30,5
DA:31,5
DA:32,5
DA:33,5
DA:34,5
DA:35,1
DA:36,1
LF:36
LH:36
BRDA:12,0,0,5
BRDA:19,1,0,2
BRDA:23,2,0,1
BRF:3
BRH:3
end_of_record
TN:
SF:src/components/selected-component.tsx
FN:9,SelectedComponent
FNF:1
FNH:1
FNDA:3,SelectedComponent
DA:1,1
DA:2,1
DA:3,1
DA:4,1
DA:5,1
DA:6,1
DA:7,1
DA:8,1
DA:9,1
DA:10,3
DA:11,3
DA:12,3
DA:13,3
DA:14,3
DA:15,3
DA:16,3
DA:17,3
DA:18,3
DA:19,3
DA:20,3
DA:21,3
DA:22,3
DA:23,3
DA:24,3
DA:25,3
DA:26,3
DA:27,3
DA:28,1
DA:29,1
LF:29
LH:29
BRDA:9,0,0,3
BRDA:20,1,0,0
BRF:2
BRH:1
end_of_record
TN:
SF:src/components/theme-component.tsx
FN:4,ThemeSelector
FN:7,handleThemeChange
FNF:2
FNH:2
FNDA:3,ThemeSelector
FNDA:1,handleThemeChange
DA:1,1
DA:2,1
DA:3,1
DA:4,1
DA:5,3
DA:6,3
DA:7,3
DA:8,1
DA:9,1
DA:10,3
DA:11,3
DA:12,3
DA:13,3
DA:14,3
DA:15,3
DA:16,3
DA:17,3
DA:18,3
DA:19,3
DA:20,3
DA:21,3
DA:22,3
DA:23,3
DA:24,3
DA:25,3
DA:26,1
DA:27,1
LF:27
LH:27
BRDA:4,0,0,3
BRDA:7,1,0,1
BRF:2
BRH:2
end_of_record
TN:
SF:src/contexts/theme-context.tsx
FN:14,setTheme
FN:19,ThemeProvider
FN:31,useTheme
FNF:3
FNH:2
FNDA:0,setTheme
FNDA:1,ThemeProvider
FNDA:1,useTheme
DA:1,1
DA:2,1
DA:3,1
DA:4,1
DA:5,1
DA:6,1
DA:7,1
DA:8,1
DA:9,1
DA:10,1
DA:11,1
DA:12,1
DA:13,1
DA:14,1
DA:15,1
DA:16,1
DA:17,1
DA:18,1
DA:19,1
DA:20,1
DA:21,1
DA:22,1
DA:23,1
DA:24,1
DA:25,1
DA:26,1
DA:27,1
DA:28,1
DA:29,1
DA:30,1
DA:31,1
DA:32,1
DA:33,1
DA:34,0
DA:35,0
DA:36,1
DA:37,1
LF:37
LH:35
BRDA:19,0,0,1
BRDA:31,1,0,1
BRDA:33,2,0,0
BRF:3
BRH:2
end_of_record
TN:
SF:src/hooks/local-storage-hook.tsx
FN:3,useLocalStorageHook
FNF:1
FNH:1
FNDA:4,useLocalStorageHook
DA:1,1
DA:2,1
DA:3,1
DA:4,4
DA:5,4
DA:6,3
DA:7,3
DA:8,0
DA:9,3
DA:10,3
DA:11,4
DA:12,4
DA:13,4
DA:14,4
DA:15,4
DA:16,4
DA:17,4
DA:18,4
DA:19,4
DA:20,1
DA:21,1
LF:21
LH:20
BRDA:3,0,0,4
BRDA:5,1,0,3
BRDA:7,2,0,0
BRDA:9,3,0,1
BRDA:9,4,0,2
BRDA:12,5,0,4
BRF:6
BRH:5
end_of_record
TN:
SF:src/interfaces/pokemons.ts
FN:1,(empty-report)
FNF:1
FNH:0
FNDA:0,(empty-report)
DA:1,0
DA:2,0
DA:3,0
DA:4,0
DA:5,0
DA:6,0
DA:7,0
DA:8,0
DA:9,0
DA:10,0
DA:11,0
DA:12,0
DA:13,0
DA:14,0
DA:15,0
DA:16,0
DA:17,0
DA:18,0
DA:19,0
DA:20,0
DA:21,0
DA:22,0
DA:23,0
DA:24,0
DA:25,0
DA:26,0
DA:27,0
DA:28,0
DA:29,0
DA:30,0
DA:31,0
DA:32,0
DA:33,0
DA:34,0
DA:35,0
DA:36,0
DA:37,0
DA:38,0
DA:39,0
LF:39
LH:0
BRDA:1,0,0,0
BRF:1
BRH:0
end_of_record
TN:
SF:src/interfaces/[search]/[...slug].tsx
FN:1,(empty-report)
FNF:1
FNH:0
FNDA:0,(empty-report)
DA:1,0
DA:2,0
DA:3,0
DA:4,0
DA:5,0
DA:6,0
DA:7,0
DA:8,0
DA:9,0
DA:10,0
DA:11,0
DA:12,0
DA:13,0
DA:14,0
DA:15,0
DA:16,0
DA:17,0
DA:18,0
DA:19,0
DA:20,0
DA:21,0
DA:22,0
DA:23,0
DA:24,0
DA:25,0
DA:26,0
DA:27,0
DA:28,0
DA:29,0
DA:30,0
DA:31,0
DA:32,0
DA:33,0
DA:34,0
DA:35,0
DA:36,0
DA:37,0
DA:38,0
DA:39,0
DA:40,0
DA:41,0
DA:42,0
LF:42
LH:0
BRDA:1,0,0,0
BRF:1
BRH:0
end_of_record
TN:
SF:src/interfaces/[search]/details/[id].tsx
FN:1,(empty-report)
FNF:1
FNH:0
FNDA:0,(empty-report)
DA:1,0
DA:2,0
DA:3,0
DA:4,0
DA:5,0
DA:6,0
DA:7,0
DA:8,0
DA:9,0
DA:10,0
DA:11,0
DA:12,0
DA:13,0
DA:14,0
DA:15,0
DA:16,0
LF:16
LH:0
BRDA:1,0,0,0
BRF:1
BRH:0
end_of_record
TN:
SF:src/pages/404.tsx
FN:1,(empty-report)
FNF:1
FNH:0
FNDA:0,(empty-report)
DA:1,0
DA:2,0
DA:3,0
DA:4,0
DA:5,0
LF:5
LH:0
BRDA:1,0,0,0
BRF:1
BRH:0
end_of_record
TN:
SF:src/pages/_app.tsx
FN:1,(empty-report)
FNF:1
FNH:0
FNDA:0,(empty-report)
DA:1,0
DA:2,0
DA:3,0
DA:4,0
DA:5,0
DA:6,0
DA:7,0
DA:8,0
DA:9,0
DA:10,0
DA:11,0
DA:12,0
DA:13,0
DA:14,0
DA:15,0
DA:16,0
DA:17,0
DA:18,0
DA:19,0
DA:20,0
LF:20
LH:0
BRDA:1,0,0,0
BRF:1
BRH:0
end_of_record
TN:
SF:src/pages/search/[page]/index.tsx
FN:1,(empty-report)
FNF:1
FNH:0
FNDA:0,(empty-report)
DA:1,0
DA:2,0
DA:3,0
DA:4,0
DA:5,0
DA:6,0
DA:7,0
DA:8,0
DA:9,0
DA:10,0
DA:11,0
DA:12,0
DA:13,0
DA:14,0
DA:15,0
DA:16,0
DA:17,0
DA:18,0
DA:19,0
DA:20,0
DA:21,0
DA:22,0
DA:23,0
DA:24,0
DA:25,0
DA:26,0
DA:27,0
DA:28,0
DA:29,0
DA:30,0
DA:31,0
DA:32,0
DA:33,0
DA:34,0
DA:35,0
DA:36,0
DA:37,0
DA:38,0
DA:39,0
DA:40,0
LF:40
LH:0
BRDA:1,0,0,0
BRF:1
BRH:0
end_of_record
TN:
SF:src/pages/search/[page]/details/[id].tsx
FN:1,(empty-report)
FNF:1
FNH:0
FNDA:0,(empty-report)
DA:1,0
DA:2,0
DA:3,0
DA:4,0
DA:5,0
DA:6,0
DA:7,0
DA:8,0
DA:9,0
DA:10,0
DA:11,0
DA:12,0
DA:13,0
DA:14,0
DA:15,0
DA:16,0
DA:17,0
DA:18,0
DA:19,0
DA:20,0
DA:21,0
DA:22,0
DA:23,0
DA:24,0
DA:25,0
DA:26,0
DA:27,0
DA:28,0
DA:29,0
DA:30,0
DA:31,0
DA:32,0
DA:33,0
DA:34,0
DA:35,0
DA:36,0
DA:37,0
DA:38,0
DA:39,0
DA:40,0
DA:41,0
DA:42,0
LF:42
LH:0
BRDA:1,0,0,0
BRF:1
BRH:0
end_of_record
TN:
SF:src/services/pokemon-api.ts
FN:1,(empty-report)
FNF:1
FNH:0
FNDA:0,(empty-report)
DA:1,0
DA:2,0
DA:3,0
DA:4,0
DA:5,0
DA:6,0
DA:7,0
DA:8,0
DA:9,0
DA:10,0
DA:11,0
DA:12,0
DA:13,0
DA:14,0
DA:15,0
DA:16,0
DA:17,0
DA:18,0
DA:19,0
DA:20,0
DA:21,0
DA:22,0
DA:23,0
DA:24,0
DA:25,0
DA:26,0
DA:27,0
DA:28,0
DA:29,0
DA:30,0
DA:31,0
DA:32,0
DA:33,0
DA:34,0
DA:35,0
DA:36,0
DA:37,0
DA:38,0
DA:39,0
DA:40,0
DA:41,0
DA:42,0
DA:43,0
DA:44,0
DA:45,0
DA:46,0
DA:47,0
DA:48,0
DA:49,0
DA:50,0
DA:51,0
DA:52,0
DA:53,0
DA:54,0
DA:55,0
DA:56,0
DA:57,0
DA:58,0
DA:59,0
DA:60,0
DA:61,0
DA:62,0
DA:63,0
DA:64,0
DA:65,0
LF:65
LH:0
BRDA:1,0,0,0
BRF:1
BRH:0
end_of_record
TN:
SF:src/slices/pokemon-slice.ts
FN:15,selectItem
FN:20,unselectItem
FN:25,unselectAll
FNF:3
FNH:3
FNDA:1,selectItem
FNDA:1,unselectItem
FNDA:1,unselectAll
DA:1,1
DA:2,1
DA:3,1
DA:4,1
DA:5,1
DA:6,1
DA:7,1
DA:8,1
DA:9,1
DA:10,1
DA:11,1
DA:12,1
DA:13,1
DA:14,1
DA:15,1
DA:16,1
DA:17,1
DA:18,1
DA:19,1
DA:20,1
DA:21,1
DA:22,1
DA:23,1
DA:24,1
DA:25,1
DA:26,1
DA:27,1
DA:28,1
DA:29,1
DA:30,1
DA:31,1
DA:32,1
LF:32
LH:32
BRDA:15,0,0,1
BRDA:20,1,0,1
BRDA:22,2,0,1
BRDA:25,3,0,1
BRF:4
BRH:4
end_of_record
TN:
SF:src/store/store.ts
FN:1,(empty-report)
FNF:1
FNH:0
FNDA:0,(empty-report)
DA:1,0
DA:2,0
DA:3,0
DA:4,0
DA:5,0
DA:6,0
DA:7,0
DA:8,0
DA:9,0
DA:10,0
DA:11,0
DA:12,0
DA:13,0
DA:14,0
DA:15,0
DA:16,0
DA:17,0
DA:18,0
DA:19,0
DA:20,0
DA:21,0
LF:21
LH:0
BRDA:1,0,0,0
BRF:1
BRH:0
end_of_record
